c:\users\jovis\desktop\directxhook-9dd16ac88a6a850cf6ca91f401f0eb5bfc543ad3\directxhook\x64\release\vc143.pdb
c:\users\jovis\desktop\directxhook-9dd16ac88a6a850cf6ca91f401f0eb5bfc543ad3\directxhook\x64\release\renderer.obj
c:\users\jovis\desktop\directxhook-9dd16ac88a6a850cf6ca91f401f0eb5bfc543ad3\directxhook\x64\release\risedpsmeter.obj
c:\users\jovis\desktop\directxhook-9dd16ac88a6a850cf6ca91f401f0eb5bfc543ad3\directxhook\x64\release\example.obj
c:\users\jovis\desktop\directxhook-9dd16ac88a6a850cf6ca91f401f0eb5bfc543ad3\directxhook\x64\release\dllmain.obj
c:\users\jovis\desktop\directxhook-9dd16ac88a6a850cf6ca91f401f0eb5bfc543ad3\directxhook\x64\release\directxhook.obj
c:\users\jovis\desktop\directxhook-9dd16ac88a6a850cf6ca91f401f0eb5bfc543ad3\directxhook\x64\release\jump.obj
c:\users\jovis\desktop\directxhook-9dd16ac88a6a850cf6ca91f401f0eb5bfc543ad3\x64\release\dxgi.pdb
c:\users\jovis\desktop\directxhook-9dd16ac88a6a850cf6ca91f401f0eb5bfc543ad3\directxhook\x64\release\directxhook.tlog\cl.command.1.tlog
c:\users\jovis\desktop\directxhook-9dd16ac88a6a850cf6ca91f401f0eb5bfc543ad3\directxhook\x64\release\directxhook.tlog\cl.read.1.tlog
c:\users\jovis\desktop\directxhook-9dd16ac88a6a850cf6ca91f401f0eb5bfc543ad3\directxhook\x64\release\directxhook.tlog\cl.write.1.tlog
c:\users\jovis\desktop\directxhook-9dd16ac88a6a850cf6ca91f401f0eb5bfc543ad3\directxhook\x64\release\directxhook.tlog\link-cvtres.read.1.tlog
c:\users\jovis\desktop\directxhook-9dd16ac88a6a850cf6ca91f401f0eb5bfc543ad3\directxhook\x64\release\directxhook.tlog\link-cvtres.write.1.tlog
c:\users\jovis\desktop\directxhook-9dd16ac88a6a850cf6ca91f401f0eb5bfc543ad3\directxhook\x64\release\directxhook.tlog\link-rc.read.1.tlog
c:\users\jovis\desktop\directxhook-9dd16ac88a6a850cf6ca91f401f0eb5bfc543ad3\directxhook\x64\release\directxhook.tlog\link-rc.write.1.tlog
c:\users\jovis\desktop\directxhook-9dd16ac88a6a850cf6ca91f401f0eb5bfc543ad3\directxhook\x64\release\directxhook.tlog\link.command.1.tlog
c:\users\jovis\desktop\directxhook-9dd16ac88a6a850cf6ca91f401f0eb5bfc543ad3\directxhook\x64\release\directxhook.tlog\link.read.1.tlog
c:\users\jovis\desktop\directxhook-9dd16ac88a6a850cf6ca91f401f0eb5bfc543ad3\directxhook\x64\release\directxhook.tlog\link.read.2.tlog
c:\users\jovis\desktop\directxhook-9dd16ac88a6a850cf6ca91f401f0eb5bfc543ad3\directxhook\x64\release\directxhook.tlog\link.write.1.tlog
c:\users\jovis\desktop\directxhook-9dd16ac88a6a850cf6ca91f401f0eb5bfc543ad3\directxhook\x64\release\directxhook.tlog\masm.read.1u.tlog
c:\users\jovis\desktop\directxhook-9dd16ac88a6a850cf6ca91f401f0eb5bfc543ad3\directxhook\x64\release\directxhook.tlog\masm.write.1u.tlog
